<?xml version="1.0" encoding="UTF-8"?>
<testsuite xmlns:xsi="http://www.w3.org/2001/XMLSchema-instance" xsi:noNamespaceSchemaLocation="https://maven.apache.org/surefire/maven-surefire-plugin/xsd/surefire-test-report-3.0.xsd" version="3.0" name="org.acme.GreetingResourceTest" time="13.261" tests="1" errors="1" skipped="0" failures="0">
  <properties>
    <property name="java.specification.version" value="21"/>
    <property name="sun.jnu.encoding" value="UTF-8"/>
    <property name="java.class.path" value="/home/felipefr/Langs/Java/quarkus/quarkus-learning/quarkus-sec/target/test-classes:/home/felipefr/Langs/Java/quarkus/quarkus-learning/quarkus-sec/target/classes:/home/felipefr/.m2/repository/io/quarkus/quarkus-hibernate-orm/3.9.5/quarkus-hibernate-orm-3.9.5.jar:/home/felipefr/.m2/repository/io/quarkus/quarkus-core/3.9.5/quarkus-core-3.9.5.jar:/home/felipefr/.m2/repository/jakarta/enterprise/jakarta.enterprise.cdi-api/4.0.1/jakarta.enterprise.cdi-api-4.0.1.jar:/home/felipefr/.m2/repository/jakarta/enterprise/jakarta.enterprise.lang-model/4.0.1/jakarta.enterprise.lang-model-4.0.1.jar:/home/felipefr/.m2/repository/jakarta/el/jakarta.el-api/5.0.1/jakarta.el-api-5.0.1.jar:/home/felipefr/.m2/repository/jakarta/inject/jakarta.inject-api/2.0.1/jakarta.inject-api-2.0.1.jar:/home/felipefr/.m2/repository/io/smallrye/common/smallrye-common-os/2.3.0/smallrye-common-os-2.3.0.jar:/home/felipefr/.m2/repository/io/quarkus/quarkus-ide-launcher/3.9.5/quarkus-ide-launcher-3.9.5.jar:/home/felipefr/.m2/repository/io/quarkus/quarkus-development-mode-spi/3.9.5/quarkus-development-mode-spi-3.9.5.jar:/home/felipefr/.m2/repository/io/smallrye/config/smallrye-config/3.7.1/smallrye-config-3.7.1.jar:/home/felipefr/.m2/repository/io/smallrye/config/smallrye-config-core/3.7.1/smallrye-config-core-3.7.1.jar:/home/felipefr/.m2/repository/io/smallrye/common/smallrye-common-classloader/2.3.0/smallrye-common-classloader-2.3.0.jar:/home/felipefr/.m2/repository/io/smallrye/config/smallrye-config-common/3.7.1/smallrye-config-common-3.7.1.jar:/home/felipefr/.m2/repository/org/jboss/logging/jboss-logging/3.5.3.Final/jboss-logging-3.5.3.Final.jar:/home/felipefr/.m2/repository/org/jboss/logmanager/jboss-logmanager/3.0.4.Final/jboss-logmanager-3.0.4.Final.jar:/home/felipefr/.m2/repository/io/smallrye/common/smallrye-common-constraint/2.3.0/smallrye-common-constraint-2.3.0.jar:/home/felipefr/.m2/repository/io/smallrye/common/smallrye-common-cpu/2.3.0/smallrye-common-cpu-2.3.0.jar:/home/felipefr/.m2/repository/io/smallrye/common/smallrye-common-expression/2.3.0/smallrye-common-expression-2.3.0.jar:/home/felipefr/.m2/repository/io/smallrye/common/smallrye-common-function/2.3.0/smallrye-common-function-2.3.0.jar:/home/felipefr/.m2/repository/io/smallrye/common/smallrye-common-net/2.3.0/smallrye-common-net-2.3.0.jar:/home/felipefr/.m2/repository/io/smallrye/common/smallrye-common-ref/2.3.0/smallrye-common-ref-2.3.0.jar:/home/felipefr/.m2/repository/jakarta/json/jakarta.json-api/2.1.3/jakarta.json-api-2.1.3.jar:/home/felipefr/.m2/repository/org/jboss/logging/jboss-logging-annotations/2.2.1.Final/jboss-logging-annotations-2.2.1.Final.jar:/home/felipefr/.m2/repository/org/jboss/threads/jboss-threads/3.6.1.Final/jboss-threads-3.6.1.Final.jar:/home/felipefr/.m2/repository/org/slf4j/slf4j-api/2.0.6/slf4j-api-2.0.6.jar:/home/felipefr/.m2/repository/org/jboss/slf4j/slf4j-jboss-logmanager/2.0.0.Final/slf4j-jboss-logmanager-2.0.0.Final.jar:/home/felipefr/.m2/repository/org/wildfly/common/wildfly-common/1.7.0.Final/wildfly-common-1.7.0.Final.jar:/home/felipefr/.m2/repository/io/quarkus/quarkus-bootstrap-runner/3.9.5/quarkus-bootstrap-runner-3.9.5.jar:/home/felipefr/.m2/repository/io/quarkus/quarkus-fs-util/0.0.10/quarkus-fs-util-0.0.10.jar:/home/felipefr/.m2/repository/io/quarkus/quarkus-agroal/3.9.5/quarkus-agroal-3.9.5.jar:/home/felipefr/.m2/repository/io/quarkus/quarkus-datasource/3.9.5/quarkus-datasource-3.9.5.jar:/home/felipefr/.m2/repository/io/agroal/agroal-api/2.3/agroal-api-2.3.jar:/home/felipefr/.m2/repository/io/agroal/agroal-narayana/2.3/agroal-narayana-2.3.jar:/home/felipefr/.m2/repository/org/jboss/jboss-transaction-spi/8.0.0.Final/jboss-transaction-spi-8.0.0.Final.jar:/home/felipefr/.m2/repository/io/agroal/agroal-pool/2.3/agroal-pool-2.3.jar:/home/felipefr/.m2/repository/io/quarkus/quarkus-credentials/3.9.5/quarkus-credentials-3.9.5.jar:/home/felipefr/.m2/repository/io/quarkus/quarkus-narayana-jta/3.9.5/quarkus-narayana-jta-3.9.5.jar:/home/felipefr/.m2/repository/io/quarkus/quarkus-transaction-annotations/3.9.5/quarkus-transaction-annotations-3.9.5.jar:/home/felipefr/.m2/repository/io/quarkus/quarkus-mutiny/3.9.5/quarkus-mutiny-3.9.5.jar:/home/felipefr/.m2/repository/io/quarkus/quarkus-smallrye-context-propagation/3.9.5/quarkus-smallrye-context-propagation-3.9.5.jar:/home/felipefr/.m2/repository/io/smallrye/smallrye-context-propagation/2.1.0/smallrye-context-propagation-2.1.0.jar:/home/felipefr/.m2/repository/io/smallrye/smallrye-context-propagation-api/2.1.0/smallrye-context-propagation-api-2.1.0.jar:/home/felipefr/.m2/repository/io/smallrye/smallrye-context-propagation-storage/2.1.0/smallrye-context-propagation-storage-2.1.0.jar:/home/felipefr/.m2/repository/io/smallrye/reactive/mutiny-smallrye-context-propagation/2.5.8/mutiny-smallrye-context-propagation-2.5.8.jar:/home/felipefr/.m2/repository/io/quarkus/quarkus-datasource-common/3.9.5/quarkus-datasource-common-3.9.5.jar:/home/felipefr/.m2/repository/io/smallrye/smallrye-context-propagation-jta/2.1.0/smallrye-context-propagation-jta-2.1.0.jar:/home/felipefr/.m2/repository/io/smallrye/reactive/smallrye-reactive-converter-api/3.0.1/smallrye-reactive-converter-api-3.0.1.jar:/home/felipefr/.m2/repository/org/reactivestreams/reactive-streams/1.0.4/reactive-streams-1.0.4.jar:/home/felipefr/.m2/repository/io/smallrye/reactive/smallrye-reactive-converter-mutiny/3.0.1/smallrye-reactive-converter-mutiny-3.0.1.jar:/home/felipefr/.m2/repository/io/smallrye/reactive/mutiny-zero-flow-adapters/1.0.0/mutiny-zero-flow-adapters-1.0.0.jar:/home/felipefr/.m2/repository/org/jboss/narayana/jta/narayana-jta/7.0.1.Final/narayana-jta-7.0.1.Final.jar:/home/felipefr/.m2/repository/jakarta/resource/jakarta.resource-api/2.1.0/jakarta.resource-api-2.1.0.jar:/home/felipefr/.m2/repository/org/jboss/invocation/jboss-invocation/2.0.0.Final/jboss-invocation-2.0.0.Final.jar:/home/felipefr/.m2/repository/org/eclipse/microprofile/reactive-streams-operators/microprofile-reactive-streams-operators-api/3.0/microprofile-reactive-streams-operators-api-3.0.jar:/home/felipefr/.m2/repository/org/jboss/narayana/jts/narayana-jts-integration/7.0.1.Final/narayana-jts-integration-7.0.1.Final.jar:/home/felipefr/.m2/repository/org/hibernate/orm/hibernate-core/6.4.4.Final/hibernate-core-6.4.4.Final.jar:/home/felipefr/.m2/repository/com/fasterxml/classmate/1.7.0/classmate-1.7.0.jar:/home/felipefr/.m2/repository/org/antlr/antlr4-runtime/4.13.0/antlr4-runtime-4.13.0.jar:/home/felipefr/.m2/repository/net/bytebuddy/byte-buddy/1.14.11/byte-buddy-1.14.11.jar:/home/felipefr/.m2/repository/org/hibernate/common/hibernate-commons-annotations/6.0.6.Final/hibernate-commons-annotations-6.0.6.Final.jar:/home/felipefr/.m2/repository/org/hibernate/orm/hibernate-graalvm/6.4.4.Final/hibernate-graalvm-6.4.4.Final.jar:/home/felipefr/.m2/repository/org/glassfish/jaxb/jaxb-runtime/4.0.5/jaxb-runtime-4.0.5.jar:/home/felipefr/.m2/repository/org/glassfish/jaxb/jaxb-core/4.0.5/jaxb-core-4.0.5.jar:/home/felipefr/.m2/repository/org/eclipse/angus/angus-activation/2.0.2/angus-activation-2.0.2.jar:/home/felipefr/.m2/repository/org/glassfish/jaxb/txw2/4.0.5/txw2-4.0.5.jar:/home/felipefr/.m2/repository/com/sun/istack/istack-commons-runtime/4.1.2/istack-commons-runtime-4.1.2.jar:/home/felipefr/.m2/repository/jakarta/xml/bind/jakarta.xml.bind-api/4.0.2/jakarta.xml.bind-api-4.0.2.jar:/home/felipefr/.m2/repository/jakarta/activation/jakarta.activation-api/2.1.3/jakarta.activation-api-2.1.3.jar:/home/felipefr/.m2/repository/jakarta/persistence/jakarta.persistence-api/3.1.0/jakarta.persistence-api-3.1.0.jar:/home/felipefr/.m2/repository/jakarta/transaction/jakarta.transaction-api/2.0.1/jakarta.transaction-api-2.0.1.jar:/home/felipefr/.m2/repository/org/hibernate/quarkus-local-cache/0.3.0/quarkus-local-cache-0.3.0.jar:/home/felipefr/.m2/repository/io/quarkus/quarkus-caffeine/3.9.5/quarkus-caffeine-3.9.5.jar:/home/felipefr/.m2/repository/com/github/ben-manes/caffeine/caffeine/3.1.5/caffeine-3.1.5.jar:/home/felipefr/.m2/repository/com/google/errorprone/error_prone_annotations/2.25.0/error_prone_annotations-2.25.0.jar:/home/felipefr/.m2/repository/io/quarkus/quarkus-smallrye-jwt/3.9.5/quarkus-smallrye-jwt-3.9.5.jar:/home/felipefr/.m2/repository/io/smallrye/smallrye-jwt/4.5.0/smallrye-jwt-4.5.0.jar:/home/felipefr/.m2/repository/org/eclipse/microprofile/config/microprofile-config-api/3.0.3/microprofile-config-api-3.0.3.jar:/home/felipefr/.m2/repository/org/eclipse/microprofile/jwt/microprofile-jwt-auth-api/2.1/microprofile-jwt-auth-api-2.1.jar:/home/felipefr/.m2/repository/org/bitbucket/b_c/jose4j/0.9.6/jose4j-0.9.6.jar:/home/felipefr/.m2/repository/io/smallrye/smallrye-jwt-common/4.5.0/smallrye-jwt-common-4.5.0.jar:/home/felipefr/.m2/repository/jakarta/annotation/jakarta.annotation-api/2.1.1/jakarta.annotation-api-2.1.1.jar:/home/felipefr/.m2/repository/io/quarkus/quarkus-vertx-http/3.9.5/quarkus-vertx-http-3.9.5.jar:/home/felipefr/.m2/repository/io/quarkus/quarkus-security-runtime-spi/3.9.5/quarkus-security-runtime-spi-3.9.5.jar:/home/felipefr/.m2/repository/io/smallrye/common/smallrye-common-vertx-context/2.3.0/smallrye-common-vertx-context-2.3.0.jar:/home/felipefr/.m2/repository/io/vertx/vertx-core/4.5.7/vertx-core-4.5.7.jar:/home/felipefr/.m2/repository/io/netty/netty-common/4.1.108.Final/netty-common-4.1.108.Final.jar:/home/felipefr/.m2/repository/io/netty/netty-buffer/4.1.108.Final/netty-buffer-4.1.108.Final.jar:/home/felipefr/.m2/repository/io/netty/netty-transport/4.1.108.Final/netty-transport-4.1.108.Final.jar:/home/felipefr/.m2/repository/io/netty/netty-handler/4.1.108.Final/netty-handler-4.1.108.Final.jar:/home/felipefr/.m2/repository/io/netty/netty-transport-native-unix-common/4.1.108.Final/netty-transport-native-unix-common-4.1.108.Final.jar:/home/felipefr/.m2/repository/io/netty/netty-handler-proxy/4.1.108.Final/netty-handler-proxy-4.1.108.Final.jar:/home/felipefr/.m2/repository/io/netty/netty-codec-socks/4.1.108.Final/netty-codec-socks-4.1.108.Final.jar:/home/felipefr/.m2/repository/io/netty/netty-codec-http/4.1.108.Final/netty-codec-http-4.1.108.Final.jar:/home/felipefr/.m2/repository/io/netty/netty-codec-http2/4.1.108.Final/netty-codec-http2-4.1.108.Final.jar:/home/felipefr/.m2/repository/io/netty/netty-resolver/4.1.108.Final/netty-resolver-4.1.108.Final.jar:/home/felipefr/.m2/repository/io/netty/netty-resolver-dns/4.1.108.Final/netty-resolver-dns-4.1.108.Final.jar:/home/felipefr/.m2/repository/io/netty/netty-codec-dns/4.1.108.Final/netty-codec-dns-4.1.108.Final.jar:/home/felipefr/.m2/repository/io/quarkus/security/quarkus-security/2.0.3.Final/quarkus-security-2.0.3.Final.jar:/home/felipefr/.m2/repository/io/quarkus/quarkus-vertx/3.9.5/quarkus-vertx-3.9.5.jar:/home/felipefr/.m2/repository/io/quarkus/quarkus-netty/3.9.5/quarkus-netty-3.9.5.jar:/home/felipefr/.m2/repository/io/netty/netty-codec/4.1.108.Final/netty-codec-4.1.108.Final.jar:/home/felipefr/.m2/repository/com/aayushatharva/brotli4j/brotli4j/1.16.0/brotli4j-1.16.0.jar:/home/felipefr/.m2/repository/com/aayushatharva/brotli4j/service/1.16.0/service-1.16.0.jar:/home/felipefr/.m2/repository/com/aayushatharva/brotli4j/native-linux-x86_64/1.16.0/native-linux-x86_64-1.16.0.jar:/home/felipefr/.m2/repository/io/netty/netty-codec-haproxy/4.1.108.Final/netty-codec-haproxy-4.1.108.Final.jar:/home/felipefr/.m2/repository/io/smallrye/common/smallrye-common-annotation/2.3.0/smallrye-common-annotation-2.3.0.jar:/home/felipefr/.m2/repository/io/quarkus/quarkus-virtual-threads/3.9.5/quarkus-virtual-threads-3.9.5.jar:/home/felipefr/.m2/repository/io/quarkus/quarkus-vertx-latebound-mdc-provider/3.9.5/quarkus-vertx-latebound-mdc-provider-3.9.5.jar:/home/felipefr/.m2/repository/io/smallrye/reactive/smallrye-mutiny-vertx-core/3.11.0/smallrye-mutiny-vertx-core-3.11.0.jar:/home/felipefr/.m2/repository/io/smallrye/reactive/smallrye-mutiny-vertx-runtime/3.11.0/smallrye-mutiny-vertx-runtime-3.11.0.jar:/home/felipefr/.m2/repository/io/smallrye/reactive/vertx-mutiny-generator/3.11.0/vertx-mutiny-generator-3.11.0.jar:/home/felipefr/.m2/repository/io/vertx/vertx-codegen/4.5.7/vertx-codegen-4.5.7.jar:/home/felipefr/.m2/repository/io/smallrye/smallrye-fault-tolerance-vertx/6.2.6/smallrye-fault-tolerance-vertx-6.2.6.jar:/home/felipefr/.m2/repository/io/smallrye/reactive/smallrye-mutiny-vertx-web/3.11.0/smallrye-mutiny-vertx-web-3.11.0.jar:/home/felipefr/.m2/repository/io/smallrye/reactive/smallrye-mutiny-vertx-web-common/3.11.0/smallrye-mutiny-vertx-web-common-3.11.0.jar:/home/felipefr/.m2/repository/io/smallrye/reactive/smallrye-mutiny-vertx-auth-common/3.11.0/smallrye-mutiny-vertx-auth-common-3.11.0.jar:/home/felipefr/.m2/repository/io/smallrye/reactive/smallrye-mutiny-vertx-bridge-common/3.11.0/smallrye-mutiny-vertx-bridge-common-3.11.0.jar:/home/felipefr/.m2/repository/io/smallrye/reactive/smallrye-mutiny-vertx-uri-template/3.11.0/smallrye-mutiny-vertx-uri-template-3.11.0.jar:/home/felipefr/.m2/repository/io/vertx/vertx-uri-template/4.5.7/vertx-uri-template-4.5.7.jar:/home/felipefr/.m2/repository/io/vertx/vertx-web/4.5.7/vertx-web-4.5.7.jar:/home/felipefr/.m2/repository/io/vertx/vertx-web-common/4.5.7/vertx-web-common-4.5.7.jar:/home/felipefr/.m2/repository/io/vertx/vertx-auth-common/4.5.7/vertx-auth-common-4.5.7.jar:/home/felipefr/.m2/repository/io/vertx/vertx-bridge-common/4.5.7/vertx-bridge-common-4.5.7.jar:/home/felipefr/.m2/repository/io/github/crac/org-crac/0.1.3/org-crac-0.1.3.jar:/home/felipefr/.m2/repository/io/quarkus/quarkus-security/3.9.5/quarkus-security-3.9.5.jar:/home/felipefr/.m2/repository/jakarta/interceptor/jakarta.interceptor-api/2.1.0/jakarta.interceptor-api-2.1.0.jar:/home/felipefr/.m2/repository/io/quarkus/quarkus-smallrye-jwt-build/3.9.5/quarkus-smallrye-jwt-build-3.9.5.jar:/home/felipefr/.m2/repository/io/smallrye/smallrye-jwt-build/4.5.0/smallrye-jwt-build-4.5.0.jar:/home/felipefr/.m2/repository/io/quarkus/quarkus-jsonp/3.9.5/quarkus-jsonp-3.9.5.jar:/home/felipefr/.m2/repository/org/eclipse/parsson/parsson/1.1.5/parsson-1.1.5.jar:/home/felipefr/.m2/repository/io/quarkus/quarkus-jdbc-postgresql/3.9.5/quarkus-jdbc-postgresql-3.9.5.jar:/home/felipefr/.m2/repository/org/postgresql/postgresql/42.7.3/postgresql-42.7.3.jar:/home/felipefr/.m2/repository/io/quarkus/quarkus-resteasy/3.9.5/quarkus-resteasy-3.9.5.jar:/home/felipefr/.m2/repository/io/quarkus/quarkus-resteasy-server-common/3.9.5/quarkus-resteasy-server-common-3.9.5.jar:/home/felipefr/.m2/repository/io/quarkus/quarkus-resteasy-common/3.9.5/quarkus-resteasy-common-3.9.5.jar:/home/felipefr/.m2/repository/org/jboss/resteasy/resteasy-core/6.2.7.Final/resteasy-core-6.2.7.Final.jar:/home/felipefr/.m2/repository/com/ibm/async/asyncutil/0.1.0/asyncutil-0.1.0.jar:/home/felipefr/.m2/repository/jakarta/ws/rs/jakarta.ws.rs-api/3.1.0/jakarta.ws.rs-api-3.1.0.jar:/home/felipefr/.m2/repository/org/jboss/resteasy/microprofile/microprofile-config/2.1.5.Final/microprofile-config-2.1.5.Final.jar:/home/felipefr/.m2/repository/jakarta/servlet/jakarta.servlet-api/6.0.0/jakarta.servlet-api-6.0.0.jar:/home/felipefr/.m2/repository/org/jboss/resteasy/resteasy-cdi/6.2.7.Final/resteasy-cdi-6.2.7.Final.jar:/home/felipefr/.m2/repository/org/jboss/resteasy/resteasy-core-spi/6.2.7.Final/resteasy-core-spi-6.2.7.Final.jar:/home/felipefr/.m2/repository/jakarta/validation/jakarta.validation-api/3.0.2/jakarta.validation-api-3.0.2.jar:/home/felipefr/.m2/repository/io/quarkus/quarkus-resteasy-jackson/3.9.5/quarkus-resteasy-jackson-3.9.5.jar:/home/felipefr/.m2/repository/io/quarkus/quarkus-jackson/3.9.5/quarkus-jackson-3.9.5.jar:/home/felipefr/.m2/repository/com/fasterxml/jackson/core/jackson-databind/2.17.0/jackson-databind-2.17.0.jar:/home/felipefr/.m2/repository/com/fasterxml/jackson/datatype/jackson-datatype-jsr310/2.17.0/jackson-datatype-jsr310-2.17.0.jar:/home/felipefr/.m2/repository/com/fasterxml/jackson/datatype/jackson-datatype-jdk8/2.17.0/jackson-datatype-jdk8-2.17.0.jar:/home/felipefr/.m2/repository/com/fasterxml/jackson/module/jackson-module-parameter-names/2.17.0/jackson-module-parameter-names-2.17.0.jar:/home/felipefr/.m2/repository/org/jboss/resteasy/resteasy-jackson2-provider/6.2.7.Final/resteasy-jackson2-provider-6.2.7.Final.jar:/home/felipefr/.m2/repository/com/fasterxml/jackson/core/jackson-core/2.17.0/jackson-core-2.17.0.jar:/home/felipefr/.m2/repository/com/fasterxml/jackson/core/jackson-annotations/2.17.0/jackson-annotations-2.17.0.jar:/home/felipefr/.m2/repository/com/fasterxml/jackson/jakarta/rs/jackson-jakarta-rs-base/2.17.0/jackson-jakarta-rs-base-2.17.0.jar:/home/felipefr/.m2/repository/com/fasterxml/jackson/jakarta/rs/jackson-jakarta-rs-json-provider/2.17.0/jackson-jakarta-rs-json-provider-2.17.0.jar:/home/felipefr/.m2/repository/com/fasterxml/jackson/module/jackson-module-jakarta-xmlbind-annotations/2.17.0/jackson-module-jakarta-xmlbind-annotations-2.17.0.jar:/home/felipefr/.m2/repository/com/github/java-json-tools/json-patch/1.13/json-patch-1.13.jar:/home/felipefr/.m2/repository/com/github/java-json-tools/msg-simple/1.2/msg-simple-1.2.jar:/home/felipefr/.m2/repository/com/github/java-json-tools/btf/1.3/btf-1.3.jar:/home/felipefr/.m2/repository/com/github/java-json-tools/jackson-coreutils/2.0/jackson-coreutils-2.0.jar:/home/felipefr/.m2/repository/io/quarkus/quarkus-arc/3.9.5/quarkus-arc-3.9.5.jar:/home/felipefr/.m2/repository/io/quarkus/arc/arc/3.9.5/arc-3.9.5.jar:/home/felipefr/.m2/repository/io/smallrye/reactive/mutiny/2.5.8/mutiny-2.5.8.jar:/home/felipefr/.m2/repository/org/eclipse/microprofile/context-propagation/microprofile-context-propagation-api/1.3/microprofile-context-propagation-api-1.3.jar:/home/felipefr/.m2/repository/io/quarkus/quarkus-junit5/3.9.5/quarkus-junit5-3.9.5.jar:/home/felipefr/.m2/repository/io/quarkus/quarkus-bootstrap-core/3.9.5/quarkus-bootstrap-core-3.9.5.jar:/home/felipefr/.m2/repository/io/quarkus/quarkus-bootstrap-app-model/3.9.5/quarkus-bootstrap-app-model-3.9.5.jar:/home/felipefr/.m2/repository/io/smallrye/common/smallrye-common-io/2.3.0/smallrye-common-io-2.3.0.jar:/home/felipefr/.m2/repository/org/eclipse/sisu/org.eclipse.sisu.inject/0.9.0.M2/org.eclipse.sisu.inject-0.9.0.M2.jar:/home/felipefr/.m2/repository/io/quarkus/quarkus-test-common/3.9.5/quarkus-test-common-3.9.5.jar:/home/felipefr/.m2/repository/io/quarkus/quarkus-core-deployment/3.9.5/quarkus-core-deployment-3.9.5.jar:/home/felipefr/.m2/repository/org/aesh/readline/2.4/readline-2.4.jar:/home/felipefr/.m2/repository/org/fusesource/jansi/jansi/2.4.0/jansi-2.4.0.jar:/home/felipefr/.m2/repository/org/aesh/aesh/2.7/aesh-2.7.jar:/home/felipefr/.m2/repository/io/quarkus/gizmo/gizmo/1.8.0/gizmo-1.8.0.jar:/home/felipefr/.m2/repository/org/ow2/asm/asm-util/9.6/asm-util-9.6.jar:/home/felipefr/.m2/repository/org/ow2/asm/asm-analysis/9.6/asm-analysis-9.6.jar:/home/felipefr/.m2/repository/org/ow2/asm/asm/9.6/asm-9.6.jar:/home/felipefr/.m2/repository/org/ow2/asm/asm-commons/9.6/asm-commons-9.6.jar:/home/felipefr/.m2/repository/org/ow2/asm/asm-tree/9.6/asm-tree-9.6.jar:/home/felipefr/.m2/repository/io/quarkus/quarkus-class-change-agent/3.9.5/quarkus-class-change-agent-3.9.5.jar:/home/felipefr/.m2/repository/io/quarkus/quarkus-devtools-utilities/3.9.5/quarkus-devtools-utilities-3.9.5.jar:/home/felipefr/.m2/repository/io/quarkus/quarkus-builder/3.9.5/quarkus-builder-3.9.5.jar:/home/felipefr/.m2/repository/org/graalvm/sdk/nativeimage/23.1.2/nativeimage-23.1.2.jar:/home/felipefr/.m2/repository/org/graalvm/sdk/word/23.1.2/word-23.1.2.jar:/home/felipefr/.m2/repository/org/junit/platform/junit-platform-launcher/1.10.2/junit-platform-launcher-1.10.2.jar:/home/felipefr/.m2/repository/io/quarkus/quarkus-bootstrap-maven-resolver/3.9.5/quarkus-bootstrap-maven-resolver-3.9.5.jar:/home/felipefr/.m2/repository/io/smallrye/beanbag/smallrye-beanbag-maven/1.4.1/smallrye-beanbag-maven-1.4.1.jar:/home/felipefr/.m2/repository/io/smallrye/beanbag/smallrye-beanbag-sisu/1.4.1/smallrye-beanbag-sisu-1.4.1.jar:/home/felipefr/.m2/repository/io/smallrye/beanbag/smallrye-beanbag/1.4.1/smallrye-beanbag-1.4.1.jar:/home/felipefr/.m2/repository/javax/inject/javax.inject/1/javax.inject-1.jar:/home/felipefr/.m2/repository/org/apache/maven/maven-artifact/3.9.6/maven-artifact-3.9.6.jar:/home/felipefr/.m2/repository/org/apache/maven/maven-builder-support/3.9.6/maven-builder-support-3.9.6.jar:/home/felipefr/.m2/repository/org/apache/maven/maven-model/3.9.6/maven-model-3.9.6.jar:/home/felipefr/.m2/repository/org/apache/maven/maven-model-builder/3.9.6/maven-model-builder-3.9.6.jar:/home/felipefr/.m2/repository/org/apache/maven/maven-repository-metadata/3.9.6/maven-repository-metadata-3.9.6.jar:/home/felipefr/.m2/repository/org/apache/maven/maven-settings/3.9.6/maven-settings-3.9.6.jar:/home/felipefr/.m2/repository/org/apache/maven/resolver/maven-resolver-api/1.9.18/maven-resolver-api-1.9.18.jar:/home/felipefr/.m2/repository/org/apache/maven/resolver/maven-resolver-impl/1.9.18/maven-resolver-impl-1.9.18.jar:/home/felipefr/.m2/repository/org/apache/maven/resolver/maven-resolver-named-locks/1.9.18/maven-resolver-named-locks-1.9.18.jar:/home/felipefr/.m2/repository/org/apache/maven/resolver/maven-resolver-spi/1.9.18/maven-resolver-spi-1.9.18.jar:/home/felipefr/.m2/repository/org/apache/maven/resolver/maven-resolver-util/1.9.18/maven-resolver-util-1.9.18.jar:/home/felipefr/.m2/repository/org/apache/maven/resolver/maven-resolver-transport-http/1.9.18/maven-resolver-transport-http-1.9.18.jar:/home/felipefr/.m2/repository/org/apache/maven/wagon/wagon-provider-api/3.5.3/wagon-provider-api-3.5.3.jar:/home/felipefr/.m2/repository/org/apache/maven/wagon/wagon-http-shared/3.5.3/wagon-http-shared-3.5.3.jar:/home/felipefr/.m2/repository/org/codehaus/plexus/plexus-interpolation/1.26/plexus-interpolation-1.26.jar:/home/felipefr/.m2/repository/org/codehaus/plexus/plexus-utils/3.5.1/plexus-utils-3.5.1.jar:/home/felipefr/.m2/repository/org/codehaus/plexus/plexus-xml/4.0.0/plexus-xml-4.0.0.jar:/home/felipefr/.m2/repository/org/apache/maven/maven-xml-impl/4.0.0-alpha-5/maven-xml-impl-4.0.0-alpha-5.jar:/home/felipefr/.m2/repository/org/apache/maven/maven-api-xml/4.0.0-alpha-5/maven-api-xml-4.0.0-alpha-5.jar:/home/felipefr/.m2/repository/org/apache/maven/maven-api-meta/4.0.0-alpha-5/maven-api-meta-4.0.0-alpha-5.jar:/home/felipefr/.m2/repository/org/codehaus/plexus/plexus-cipher/2.0/plexus-cipher-2.0.jar:/home/felipefr/.m2/repository/org/codehaus/plexus/plexus-sec-dispatcher/2.0/plexus-sec-dispatcher-2.0.jar:/home/felipefr/.m2/repository/org/apache/maven/maven-embedder/3.9.6/maven-embedder-3.9.6.jar:/home/felipefr/.m2/repository/org/apache/maven/maven-core/3.9.6/maven-core-3.9.6.jar:/home/felipefr/.m2/repository/org/codehaus/plexus/plexus-component-annotations/2.1.0/plexus-component-annotations-2.1.0.jar:/home/felipefr/.m2/repository/org/apache/maven/maven-plugin-api/3.9.6/maven-plugin-api-3.9.6.jar:/home/felipefr/.m2/repository/org/apache/maven/shared/maven-shared-utils/3.3.4/maven-shared-utils-3.3.4.jar:/home/felipefr/.m2/repository/com/google/inject/guice/5.1.0/guice-5.1.0.jar:/home/felipefr/.m2/repository/aopalliance/aopalliance/1.0/aopalliance-1.0.jar:/home/felipefr/.m2/repository/com/google/guava/guava/33.0.0-jre/guava-33.0.0-jre.jar:/home/felipefr/.m2/repository/com/google/guava/failureaccess/1.0.1/failureaccess-1.0.1.jar:/home/felipefr/.m2/repository/javax/annotation/javax.annotation-api/1.3.2/javax.annotation-api-1.3.2.jar:/home/felipefr/.m2/repository/org/codehaus/plexus/plexus-classworlds/2.6.0/plexus-classworlds-2.6.0.jar:/home/felipefr/.m2/repository/commons-cli/commons-cli/1.5.0/commons-cli-1.5.0.jar:/home/felipefr/.m2/repository/org/eclipse/sisu/org.eclipse.sisu.plexus/0.9.0.M2/org.eclipse.sisu.plexus-0.9.0.M2.jar:/home/felipefr/.m2/repository/org/apache/maven/maven-settings-builder/3.9.6/maven-settings-builder-3.9.6.jar:/home/felipefr/.m2/repository/org/apache/maven/maven-resolver-provider/3.9.6/maven-resolver-provider-3.9.6.jar:/home/felipefr/.m2/repository/org/apache/maven/resolver/maven-resolver-connector-basic/1.9.18/maven-resolver-connector-basic-1.9.18.jar:/home/felipefr/.m2/repository/org/apache/maven/resolver/maven-resolver-transport-wagon/1.9.18/maven-resolver-transport-wagon-1.9.18.jar:/home/felipefr/.m2/repository/org/apache/maven/wagon/wagon-http/3.5.3/wagon-http-3.5.3.jar:/home/felipefr/.m2/repository/org/apache/maven/wagon/wagon-file/3.5.3/wagon-file-3.5.3.jar:/home/felipefr/.m2/repository/io/quarkus/quarkus-bootstrap-gradle-resolver/3.9.5/quarkus-bootstrap-gradle-resolver-3.9.5.jar:/home/felipefr/.m2/repository/io/smallrye/jandex/3.1.6/jandex-3.1.6.jar:/home/felipefr/.m2/repository/commons-io/commons-io/2.15.1/commons-io-2.15.1.jar:/home/felipefr/.m2/repository/org/jboss/logging/commons-logging-jboss-logging/1.0.0.Final/commons-logging-jboss-logging-1.0.0.Final.jar:/home/felipefr/.m2/repository/io/quarkus/quarkus-junit5-properties/3.9.5/quarkus-junit5-properties-3.9.5.jar:/home/felipefr/.m2/repository/org/junit/jupiter/junit-jupiter/5.10.2/junit-jupiter-5.10.2.jar:/home/felipefr/.m2/repository/org/junit/jupiter/junit-jupiter-api/5.10.2/junit-jupiter-api-5.10.2.jar:/home/felipefr/.m2/repository/org/opentest4j/opentest4j/1.3.0/opentest4j-1.3.0.jar:/home/felipefr/.m2/repository/org/junit/platform/junit-platform-commons/1.10.2/junit-platform-commons-1.10.2.jar:/home/felipefr/.m2/repository/org/apiguardian/apiguardian-api/1.1.2/apiguardian-api-1.1.2.jar:/home/felipefr/.m2/repository/org/junit/jupiter/junit-jupiter-params/5.10.2/junit-jupiter-params-5.10.2.jar:/home/felipefr/.m2/repository/org/junit/jupiter/junit-jupiter-engine/5.10.2/junit-jupiter-engine-5.10.2.jar:/home/felipefr/.m2/repository/org/junit/platform/junit-platform-engine/1.10.2/junit-platform-engine-1.10.2.jar:/home/felipefr/.m2/repository/com/thoughtworks/xstream/xstream/1.4.20/xstream-1.4.20.jar:/home/felipefr/.m2/repository/io/github/x-stream/mxparser/1.2.2/mxparser-1.2.2.jar:/home/felipefr/.m2/repository/xmlpull/xmlpull/1.1.3.1/xmlpull-1.1.3.1.jar:/home/felipefr/.m2/repository/io/rest-assured/rest-assured/5.4.0/rest-assured-5.4.0.jar:/home/felipefr/.m2/repository/org/apache/groovy/groovy/4.0.16/groovy-4.0.16.jar:/home/felipefr/.m2/repository/org/apache/groovy/groovy-xml/4.0.16/groovy-xml-4.0.16.jar:/home/felipefr/.m2/repository/org/apache/httpcomponents/httpclient/4.5.14/httpclient-4.5.14.jar:/home/felipefr/.m2/repository/org/apache/httpcomponents/httpcore/4.4.16/httpcore-4.4.16.jar:/home/felipefr/.m2/repository/commons-codec/commons-codec/1.16.1/commons-codec-1.16.1.jar:/home/felipefr/.m2/repository/org/apache/httpcomponents/httpmime/4.5.14/httpmime-4.5.14.jar:/home/felipefr/.m2/repository/org/hamcrest/hamcrest/2.2/hamcrest-2.2.jar:/home/felipefr/.m2/repository/org/ccil/cowan/tagsoup/tagsoup/1.2.1/tagsoup-1.2.1.jar:/home/felipefr/.m2/repository/io/rest-assured/json-path/5.4.0/json-path-5.4.0.jar:/home/felipefr/.m2/repository/org/apache/groovy/groovy-json/4.0.16/groovy-json-4.0.16.jar:/home/felipefr/.m2/repository/io/rest-assured/rest-assured-common/5.4.0/rest-assured-common-5.4.0.jar:/home/felipefr/.m2/repository/io/rest-assured/xml-path/5.4.0/xml-path-5.4.0.jar:/home/felipefr/.m2/repository/org/apache/commons/commons-lang3/3.14.0/commons-lang3-3.14.0.jar:"/>
    <property name="java.vm.vendor" value="Private Build"/>
    <property name="sun.arch.data.model" value="64"/>
    <property name="java.vendor.url" value="Unknown"/>
    <property name="user.timezone" value="America/Fortaleza"/>
    <property name="logging.initial-configurator.min-level" value="500"/>
    <property name="os.name" value="Linux"/>
    <property name="java.vm.specification.version" value="21"/>
    <property name="sun.java.launcher" value="SUN_STANDARD"/>
    <property name="user.country" value="BR"/>
    <property name="groovy.use.classvalue" value="false"/>
    <property name="sun.boot.library.path" value="/usr/lib/jvm/java-21-openjdk-amd64/lib"/>
    <property name="sun.java.command" value="/home/felipefr/Langs/Java/quarkus/quarkus-learning/quarkus-sec/target/surefire/surefirebooter-20240430135005057_3.jar /home/felipefr/Langs/Java/quarkus/quarkus-learning/quarkus-sec/target/surefire 2024-04-30T13-50-02_617-jvmRun1 surefire-20240430135005057_1tmp surefire_0-20240430135005057_2tmp"/>
    <property name="maven.home" value="/usr/local/apache-maven/apache-maven-3.9.6/apache-maven-3.9.6"/>
    <property name="jdk.debug" value="release"/>
    <property name="surefire.test.class.path" value="/home/felipefr/Langs/Java/quarkus/quarkus-learning/quarkus-sec/target/test-classes:/home/felipefr/Langs/Java/quarkus/quarkus-learning/quarkus-sec/target/classes:/home/felipefr/.m2/repository/io/quarkus/quarkus-hibernate-orm/3.9.5/quarkus-hibernate-orm-3.9.5.jar:/home/felipefr/.m2/repository/io/quarkus/quarkus-core/3.9.5/quarkus-core-3.9.5.jar:/home/felipefr/.m2/repository/jakarta/enterprise/jakarta.enterprise.cdi-api/4.0.1/jakarta.enterprise.cdi-api-4.0.1.jar:/home/felipefr/.m2/repository/jakarta/enterprise/jakarta.enterprise.lang-model/4.0.1/jakarta.enterprise.lang-model-4.0.1.jar:/home/felipefr/.m2/repository/jakarta/el/jakarta.el-api/5.0.1/jakarta.el-api-5.0.1.jar:/home/felipefr/.m2/repository/jakarta/inject/jakarta.inject-api/2.0.1/jakarta.inject-api-2.0.1.jar:/home/felipefr/.m2/repository/io/smallrye/common/smallrye-common-os/2.3.0/smallrye-common-os-2.3.0.jar:/home/felipefr/.m2/repository/io/quarkus/quarkus-ide-launcher/3.9.5/quarkus-ide-launcher-3.9.5.jar:/home/felipefr/.m2/repository/io/quarkus/quarkus-development-mode-spi/3.9.5/quarkus-development-mode-spi-3.9.5.jar:/home/felipefr/.m2/repository/io/smallrye/config/smallrye-config/3.7.1/smallrye-config-3.7.1.jar:/home/felipefr/.m2/repository/io/smallrye/config/smallrye-config-core/3.7.1/smallrye-config-core-3.7.1.jar:/home/felipefr/.m2/repository/io/smallrye/common/smallrye-common-classloader/2.3.0/smallrye-common-classloader-2.3.0.jar:/home/felipefr/.m2/repository/io/smallrye/config/smallrye-config-common/3.7.1/smallrye-config-common-3.7.1.jar:/home/felipefr/.m2/repository/org/jboss/logging/jboss-logging/3.5.3.Final/jboss-logging-3.5.3.Final.jar:/home/felipefr/.m2/repository/org/jboss/logmanager/jboss-logmanager/3.0.4.Final/jboss-logmanager-3.0.4.Final.jar:/home/felipefr/.m2/repository/io/smallrye/common/smallrye-common-constraint/2.3.0/smallrye-common-constraint-2.3.0.jar:/home/felipefr/.m2/repository/io/smallrye/common/smallrye-common-cpu/2.3.0/smallrye-common-cpu-2.3.0.jar:/home/felipefr/.m2/repository/io/smallrye/common/smallrye-common-expression/2.3.0/smallrye-common-expression-2.3.0.jar:/home/felipefr/.m2/repository/io/smallrye/common/smallrye-common-function/2.3.0/smallrye-common-function-2.3.0.jar:/home/felipefr/.m2/repository/io/smallrye/common/smallrye-common-net/2.3.0/smallrye-common-net-2.3.0.jar:/home/felipefr/.m2/repository/io/smallrye/common/smallrye-common-ref/2.3.0/smallrye-common-ref-2.3.0.jar:/home/felipefr/.m2/repository/jakarta/json/jakarta.json-api/2.1.3/jakarta.json-api-2.1.3.jar:/home/felipefr/.m2/repository/org/jboss/logging/jboss-logging-annotations/2.2.1.Final/jboss-logging-annotations-2.2.1.Final.jar:/home/felipefr/.m2/repository/org/jboss/threads/jboss-threads/3.6.1.Final/jboss-threads-3.6.1.Final.jar:/home/felipefr/.m2/repository/org/slf4j/slf4j-api/2.0.6/slf4j-api-2.0.6.jar:/home/felipefr/.m2/repository/org/jboss/slf4j/slf4j-jboss-logmanager/2.0.0.Final/slf4j-jboss-logmanager-2.0.0.Final.jar:/home/felipefr/.m2/repository/org/wildfly/common/wildfly-common/1.7.0.Final/wildfly-common-1.7.0.Final.jar:/home/felipefr/.m2/repository/io/quarkus/quarkus-bootstrap-runner/3.9.5/quarkus-bootstrap-runner-3.9.5.jar:/home/felipefr/.m2/repository/io/quarkus/quarkus-fs-util/0.0.10/quarkus-fs-util-0.0.10.jar:/home/felipefr/.m2/repository/io/quarkus/quarkus-agroal/3.9.5/quarkus-agroal-3.9.5.jar:/home/felipefr/.m2/repository/io/quarkus/quarkus-datasource/3.9.5/quarkus-datasource-3.9.5.jar:/home/felipefr/.m2/repository/io/agroal/agroal-api/2.3/agroal-api-2.3.jar:/home/felipefr/.m2/repository/io/agroal/agroal-narayana/2.3/agroal-narayana-2.3.jar:/home/felipefr/.m2/repository/org/jboss/jboss-transaction-spi/8.0.0.Final/jboss-transaction-spi-8.0.0.Final.jar:/home/felipefr/.m2/repository/io/agroal/agroal-pool/2.3/agroal-pool-2.3.jar:/home/felipefr/.m2/repository/io/quarkus/quarkus-credentials/3.9.5/quarkus-credentials-3.9.5.jar:/home/felipefr/.m2/repository/io/quarkus/quarkus-narayana-jta/3.9.5/quarkus-narayana-jta-3.9.5.jar:/home/felipefr/.m2/repository/io/quarkus/quarkus-transaction-annotations/3.9.5/quarkus-transaction-annotations-3.9.5.jar:/home/felipefr/.m2/repository/io/quarkus/quarkus-mutiny/3.9.5/quarkus-mutiny-3.9.5.jar:/home/felipefr/.m2/repository/io/quarkus/quarkus-smallrye-context-propagation/3.9.5/quarkus-smallrye-context-propagation-3.9.5.jar:/home/felipefr/.m2/repository/io/smallrye/smallrye-context-propagation/2.1.0/smallrye-context-propagation-2.1.0.jar:/home/felipefr/.m2/repository/io/smallrye/smallrye-context-propagation-api/2.1.0/smallrye-context-propagation-api-2.1.0.jar:/home/felipefr/.m2/repository/io/smallrye/smallrye-context-propagation-storage/2.1.0/smallrye-context-propagation-storage-2.1.0.jar:/home/felipefr/.m2/repository/io/smallrye/reactive/mutiny-smallrye-context-propagation/2.5.8/mutiny-smallrye-context-propagation-2.5.8.jar:/home/felipefr/.m2/repository/io/quarkus/quarkus-datasource-common/3.9.5/quarkus-datasource-common-3.9.5.jar:/home/felipefr/.m2/repository/io/smallrye/smallrye-context-propagation-jta/2.1.0/smallrye-context-propagation-jta-2.1.0.jar:/home/felipefr/.m2/repository/io/smallrye/reactive/smallrye-reactive-converter-api/3.0.1/smallrye-reactive-converter-api-3.0.1.jar:/home/felipefr/.m2/repository/org/reactivestreams/reactive-streams/1.0.4/reactive-streams-1.0.4.jar:/home/felipefr/.m2/repository/io/smallrye/reactive/smallrye-reactive-converter-mutiny/3.0.1/smallrye-reactive-converter-mutiny-3.0.1.jar:/home/felipefr/.m2/repository/io/smallrye/reactive/mutiny-zero-flow-adapters/1.0.0/mutiny-zero-flow-adapters-1.0.0.jar:/home/felipefr/.m2/repository/org/jboss/narayana/jta/narayana-jta/7.0.1.Final/narayana-jta-7.0.1.Final.jar:/home/felipefr/.m2/repository/jakarta/resource/jakarta.resource-api/2.1.0/jakarta.resource-api-2.1.0.jar:/home/felipefr/.m2/repository/org/jboss/invocation/jboss-invocation/2.0.0.Final/jboss-invocation-2.0.0.Final.jar:/home/felipefr/.m2/repository/org/eclipse/microprofile/reactive-streams-operators/microprofile-reactive-streams-operators-api/3.0/microprofile-reactive-streams-operators-api-3.0.jar:/home/felipefr/.m2/repository/org/jboss/narayana/jts/narayana-jts-integration/7.0.1.Final/narayana-jts-integration-7.0.1.Final.jar:/home/felipefr/.m2/repository/org/hibernate/orm/hibernate-core/6.4.4.Final/hibernate-core-6.4.4.Final.jar:/home/felipefr/.m2/repository/com/fasterxml/classmate/1.7.0/classmate-1.7.0.jar:/home/felipefr/.m2/repository/org/antlr/antlr4-runtime/4.13.0/antlr4-runtime-4.13.0.jar:/home/felipefr/.m2/repository/net/bytebuddy/byte-buddy/1.14.11/byte-buddy-1.14.11.jar:/home/felipefr/.m2/repository/org/hibernate/common/hibernate-commons-annotations/6.0.6.Final/hibernate-commons-annotations-6.0.6.Final.jar:/home/felipefr/.m2/repository/org/hibernate/orm/hibernate-graalvm/6.4.4.Final/hibernate-graalvm-6.4.4.Final.jar:/home/felipefr/.m2/repository/org/glassfish/jaxb/jaxb-runtime/4.0.5/jaxb-runtime-4.0.5.jar:/home/felipefr/.m2/repository/org/glassfish/jaxb/jaxb-core/4.0.5/jaxb-core-4.0.5.jar:/home/felipefr/.m2/repository/org/eclipse/angus/angus-activation/2.0.2/angus-activation-2.0.2.jar:/home/felipefr/.m2/repository/org/glassfish/jaxb/txw2/4.0.5/txw2-4.0.5.jar:/home/felipefr/.m2/repository/com/sun/istack/istack-commons-runtime/4.1.2/istack-commons-runtime-4.1.2.jar:/home/felipefr/.m2/repository/jakarta/xml/bind/jakarta.xml.bind-api/4.0.2/jakarta.xml.bind-api-4.0.2.jar:/home/felipefr/.m2/repository/jakarta/activation/jakarta.activation-api/2.1.3/jakarta.activation-api-2.1.3.jar:/home/felipefr/.m2/repository/jakarta/persistence/jakarta.persistence-api/3.1.0/jakarta.persistence-api-3.1.0.jar:/home/felipefr/.m2/repository/jakarta/transaction/jakarta.transaction-api/2.0.1/jakarta.transaction-api-2.0.1.jar:/home/felipefr/.m2/repository/org/hibernate/quarkus-local-cache/0.3.0/quarkus-local-cache-0.3.0.jar:/home/felipefr/.m2/repository/io/quarkus/quarkus-caffeine/3.9.5/quarkus-caffeine-3.9.5.jar:/home/felipefr/.m2/repository/com/github/ben-manes/caffeine/caffeine/3.1.5/caffeine-3.1.5.jar:/home/felipefr/.m2/repository/com/google/errorprone/error_prone_annotations/2.25.0/error_prone_annotations-2.25.0.jar:/home/felipefr/.m2/repository/io/quarkus/quarkus-smallrye-jwt/3.9.5/quarkus-smallrye-jwt-3.9.5.jar:/home/felipefr/.m2/repository/io/smallrye/smallrye-jwt/4.5.0/smallrye-jwt-4.5.0.jar:/home/felipefr/.m2/repository/org/eclipse/microprofile/config/microprofile-config-api/3.0.3/microprofile-config-api-3.0.3.jar:/home/felipefr/.m2/repository/org/eclipse/microprofile/jwt/microprofile-jwt-auth-api/2.1/microprofile-jwt-auth-api-2.1.jar:/home/felipefr/.m2/repository/org/bitbucket/b_c/jose4j/0.9.6/jose4j-0.9.6.jar:/home/felipefr/.m2/repository/io/smallrye/smallrye-jwt-common/4.5.0/smallrye-jwt-common-4.5.0.jar:/home/felipefr/.m2/repository/jakarta/annotation/jakarta.annotation-api/2.1.1/jakarta.annotation-api-2.1.1.jar:/home/felipefr/.m2/repository/io/quarkus/quarkus-vertx-http/3.9.5/quarkus-vertx-http-3.9.5.jar:/home/felipefr/.m2/repository/io/quarkus/quarkus-security-runtime-spi/3.9.5/quarkus-security-runtime-spi-3.9.5.jar:/home/felipefr/.m2/repository/io/smallrye/common/smallrye-common-vertx-context/2.3.0/smallrye-common-vertx-context-2.3.0.jar:/home/felipefr/.m2/repository/io/vertx/vertx-core/4.5.7/vertx-core-4.5.7.jar:/home/felipefr/.m2/repository/io/netty/netty-common/4.1.108.Final/netty-common-4.1.108.Final.jar:/home/felipefr/.m2/repository/io/netty/netty-buffer/4.1.108.Final/netty-buffer-4.1.108.Final.jar:/home/felipefr/.m2/repository/io/netty/netty-transport/4.1.108.Final/netty-transport-4.1.108.Final.jar:/home/felipefr/.m2/repository/io/netty/netty-handler/4.1.108.Final/netty-handler-4.1.108.Final.jar:/home/felipefr/.m2/repository/io/netty/netty-transport-native-unix-common/4.1.108.Final/netty-transport-native-unix-common-4.1.108.Final.jar:/home/felipefr/.m2/repository/io/netty/netty-handler-proxy/4.1.108.Final/netty-handler-proxy-4.1.108.Final.jar:/home/felipefr/.m2/repository/io/netty/netty-codec-socks/4.1.108.Final/netty-codec-socks-4.1.108.Final.jar:/home/felipefr/.m2/repository/io/netty/netty-codec-http/4.1.108.Final/netty-codec-http-4.1.108.Final.jar:/home/felipefr/.m2/repository/io/netty/netty-codec-http2/4.1.108.Final/netty-codec-http2-4.1.108.Final.jar:/home/felipefr/.m2/repository/io/netty/netty-resolver/4.1.108.Final/netty-resolver-4.1.108.Final.jar:/home/felipefr/.m2/repository/io/netty/netty-resolver-dns/4.1.108.Final/netty-resolver-dns-4.1.108.Final.jar:/home/felipefr/.m2/repository/io/netty/netty-codec-dns/4.1.108.Final/netty-codec-dns-4.1.108.Final.jar:/home/felipefr/.m2/repository/io/quarkus/security/quarkus-security/2.0.3.Final/quarkus-security-2.0.3.Final.jar:/home/felipefr/.m2/repository/io/quarkus/quarkus-vertx/3.9.5/quarkus-vertx-3.9.5.jar:/home/felipefr/.m2/repository/io/quarkus/quarkus-netty/3.9.5/quarkus-netty-3.9.5.jar:/home/felipefr/.m2/repository/io/netty/netty-codec/4.1.108.Final/netty-codec-4.1.108.Final.jar:/home/felipefr/.m2/repository/com/aayushatharva/brotli4j/brotli4j/1.16.0/brotli4j-1.16.0.jar:/home/felipefr/.m2/repository/com/aayushatharva/brotli4j/service/1.16.0/service-1.16.0.jar:/home/felipefr/.m2/repository/com/aayushatharva/brotli4j/native-linux-x86_64/1.16.0/native-linux-x86_64-1.16.0.jar:/home/felipefr/.m2/repository/io/netty/netty-codec-haproxy/4.1.108.Final/netty-codec-haproxy-4.1.108.Final.jar:/home/felipefr/.m2/repository/io/smallrye/common/smallrye-common-annotation/2.3.0/smallrye-common-annotation-2.3.0.jar:/home/felipefr/.m2/repository/io/quarkus/quarkus-virtual-threads/3.9.5/quarkus-virtual-threads-3.9.5.jar:/home/felipefr/.m2/repository/io/quarkus/quarkus-vertx-latebound-mdc-provider/3.9.5/quarkus-vertx-latebound-mdc-provider-3.9.5.jar:/home/felipefr/.m2/repository/io/smallrye/reactive/smallrye-mutiny-vertx-core/3.11.0/smallrye-mutiny-vertx-core-3.11.0.jar:/home/felipefr/.m2/repository/io/smallrye/reactive/smallrye-mutiny-vertx-runtime/3.11.0/smallrye-mutiny-vertx-runtime-3.11.0.jar:/home/felipefr/.m2/repository/io/smallrye/reactive/vertx-mutiny-generator/3.11.0/vertx-mutiny-generator-3.11.0.jar:/home/felipefr/.m2/repository/io/vertx/vertx-codegen/4.5.7/vertx-codegen-4.5.7.jar:/home/felipefr/.m2/repository/io/smallrye/smallrye-fault-tolerance-vertx/6.2.6/smallrye-fault-tolerance-vertx-6.2.6.jar:/home/felipefr/.m2/repository/io/smallrye/reactive/smallrye-mutiny-vertx-web/3.11.0/smallrye-mutiny-vertx-web-3.11.0.jar:/home/felipefr/.m2/repository/io/smallrye/reactive/smallrye-mutiny-vertx-web-common/3.11.0/smallrye-mutiny-vertx-web-common-3.11.0.jar:/home/felipefr/.m2/repository/io/smallrye/reactive/smallrye-mutiny-vertx-auth-common/3.11.0/smallrye-mutiny-vertx-auth-common-3.11.0.jar:/home/felipefr/.m2/repository/io/smallrye/reactive/smallrye-mutiny-vertx-bridge-common/3.11.0/smallrye-mutiny-vertx-bridge-common-3.11.0.jar:/home/felipefr/.m2/repository/io/smallrye/reactive/smallrye-mutiny-vertx-uri-template/3.11.0/smallrye-mutiny-vertx-uri-template-3.11.0.jar:/home/felipefr/.m2/repository/io/vertx/vertx-uri-template/4.5.7/vertx-uri-template-4.5.7.jar:/home/felipefr/.m2/repository/io/vertx/vertx-web/4.5.7/vertx-web-4.5.7.jar:/home/felipefr/.m2/repository/io/vertx/vertx-web-common/4.5.7/vertx-web-common-4.5.7.jar:/home/felipefr/.m2/repository/io/vertx/vertx-auth-common/4.5.7/vertx-auth-common-4.5.7.jar:/home/felipefr/.m2/repository/io/vertx/vertx-bridge-common/4.5.7/vertx-bridge-common-4.5.7.jar:/home/felipefr/.m2/repository/io/github/crac/org-crac/0.1.3/org-crac-0.1.3.jar:/home/felipefr/.m2/repository/io/quarkus/quarkus-security/3.9.5/quarkus-security-3.9.5.jar:/home/felipefr/.m2/repository/jakarta/interceptor/jakarta.interceptor-api/2.1.0/jakarta.interceptor-api-2.1.0.jar:/home/felipefr/.m2/repository/io/quarkus/quarkus-smallrye-jwt-build/3.9.5/quarkus-smallrye-jwt-build-3.9.5.jar:/home/felipefr/.m2/repository/io/smallrye/smallrye-jwt-build/4.5.0/smallrye-jwt-build-4.5.0.jar:/home/felipefr/.m2/repository/io/quarkus/quarkus-jsonp/3.9.5/quarkus-jsonp-3.9.5.jar:/home/felipefr/.m2/repository/org/eclipse/parsson/parsson/1.1.5/parsson-1.1.5.jar:/home/felipefr/.m2/repository/io/quarkus/quarkus-jdbc-postgresql/3.9.5/quarkus-jdbc-postgresql-3.9.5.jar:/home/felipefr/.m2/repository/org/postgresql/postgresql/42.7.3/postgresql-42.7.3.jar:/home/felipefr/.m2/repository/io/quarkus/quarkus-resteasy/3.9.5/quarkus-resteasy-3.9.5.jar:/home/felipefr/.m2/repository/io/quarkus/quarkus-resteasy-server-common/3.9.5/quarkus-resteasy-server-common-3.9.5.jar:/home/felipefr/.m2/repository/io/quarkus/quarkus-resteasy-common/3.9.5/quarkus-resteasy-common-3.9.5.jar:/home/felipefr/.m2/repository/org/jboss/resteasy/resteasy-core/6.2.7.Final/resteasy-core-6.2.7.Final.jar:/home/felipefr/.m2/repository/com/ibm/async/asyncutil/0.1.0/asyncutil-0.1.0.jar:/home/felipefr/.m2/repository/jakarta/ws/rs/jakarta.ws.rs-api/3.1.0/jakarta.ws.rs-api-3.1.0.jar:/home/felipefr/.m2/repository/org/jboss/resteasy/microprofile/microprofile-config/2.1.5.Final/microprofile-config-2.1.5.Final.jar:/home/felipefr/.m2/repository/jakarta/servlet/jakarta.servlet-api/6.0.0/jakarta.servlet-api-6.0.0.jar:/home/felipefr/.m2/repository/org/jboss/resteasy/resteasy-cdi/6.2.7.Final/resteasy-cdi-6.2.7.Final.jar:/home/felipefr/.m2/repository/org/jboss/resteasy/resteasy-core-spi/6.2.7.Final/resteasy-core-spi-6.2.7.Final.jar:/home/felipefr/.m2/repository/jakarta/validation/jakarta.validation-api/3.0.2/jakarta.validation-api-3.0.2.jar:/home/felipefr/.m2/repository/io/quarkus/quarkus-resteasy-jackson/3.9.5/quarkus-resteasy-jackson-3.9.5.jar:/home/felipefr/.m2/repository/io/quarkus/quarkus-jackson/3.9.5/quarkus-jackson-3.9.5.jar:/home/felipefr/.m2/repository/com/fasterxml/jackson/core/jackson-databind/2.17.0/jackson-databind-2.17.0.jar:/home/felipefr/.m2/repository/com/fasterxml/jackson/datatype/jackson-datatype-jsr310/2.17.0/jackson-datatype-jsr310-2.17.0.jar:/home/felipefr/.m2/repository/com/fasterxml/jackson/datatype/jackson-datatype-jdk8/2.17.0/jackson-datatype-jdk8-2.17.0.jar:/home/felipefr/.m2/repository/com/fasterxml/jackson/module/jackson-module-parameter-names/2.17.0/jackson-module-parameter-names-2.17.0.jar:/home/felipefr/.m2/repository/org/jboss/resteasy/resteasy-jackson2-provider/6.2.7.Final/resteasy-jackson2-provider-6.2.7.Final.jar:/home/felipefr/.m2/repository/com/fasterxml/jackson/core/jackson-core/2.17.0/jackson-core-2.17.0.jar:/home/felipefr/.m2/repository/com/fasterxml/jackson/core/jackson-annotations/2.17.0/jackson-annotations-2.17.0.jar:/home/felipefr/.m2/repository/com/fasterxml/jackson/jakarta/rs/jackson-jakarta-rs-base/2.17.0/jackson-jakarta-rs-base-2.17.0.jar:/home/felipefr/.m2/repository/com/fasterxml/jackson/jakarta/rs/jackson-jakarta-rs-json-provider/2.17.0/jackson-jakarta-rs-json-provider-2.17.0.jar:/home/felipefr/.m2/repository/com/fasterxml/jackson/module/jackson-module-jakarta-xmlbind-annotations/2.17.0/jackson-module-jakarta-xmlbind-annotations-2.17.0.jar:/home/felipefr/.m2/repository/com/github/java-json-tools/json-patch/1.13/json-patch-1.13.jar:/home/felipefr/.m2/repository/com/github/java-json-tools/msg-simple/1.2/msg-simple-1.2.jar:/home/felipefr/.m2/repository/com/github/java-json-tools/btf/1.3/btf-1.3.jar:/home/felipefr/.m2/repository/com/github/java-json-tools/jackson-coreutils/2.0/jackson-coreutils-2.0.jar:/home/felipefr/.m2/repository/io/quarkus/quarkus-arc/3.9.5/quarkus-arc-3.9.5.jar:/home/felipefr/.m2/repository/io/quarkus/arc/arc/3.9.5/arc-3.9.5.jar:/home/felipefr/.m2/repository/io/smallrye/reactive/mutiny/2.5.8/mutiny-2.5.8.jar:/home/felipefr/.m2/repository/org/eclipse/microprofile/context-propagation/microprofile-context-propagation-api/1.3/microprofile-context-propagation-api-1.3.jar:/home/felipefr/.m2/repository/io/quarkus/quarkus-junit5/3.9.5/quarkus-junit5-3.9.5.jar:/home/felipefr/.m2/repository/io/quarkus/quarkus-bootstrap-core/3.9.5/quarkus-bootstrap-core-3.9.5.jar:/home/felipefr/.m2/repository/io/quarkus/quarkus-bootstrap-app-model/3.9.5/quarkus-bootstrap-app-model-3.9.5.jar:/home/felipefr/.m2/repository/io/smallrye/common/smallrye-common-io/2.3.0/smallrye-common-io-2.3.0.jar:/home/felipefr/.m2/repository/org/eclipse/sisu/org.eclipse.sisu.inject/0.9.0.M2/org.eclipse.sisu.inject-0.9.0.M2.jar:/home/felipefr/.m2/repository/io/quarkus/quarkus-test-common/3.9.5/quarkus-test-common-3.9.5.jar:/home/felipefr/.m2/repository/io/quarkus/quarkus-core-deployment/3.9.5/quarkus-core-deployment-3.9.5.jar:/home/felipefr/.m2/repository/org/aesh/readline/2.4/readline-2.4.jar:/home/felipefr/.m2/repository/org/fusesource/jansi/jansi/2.4.0/jansi-2.4.0.jar:/home/felipefr/.m2/repository/org/aesh/aesh/2.7/aesh-2.7.jar:/home/felipefr/.m2/repository/io/quarkus/gizmo/gizmo/1.8.0/gizmo-1.8.0.jar:/home/felipefr/.m2/repository/org/ow2/asm/asm-util/9.6/asm-util-9.6.jar:/home/felipefr/.m2/repository/org/ow2/asm/asm-analysis/9.6/asm-analysis-9.6.jar:/home/felipefr/.m2/repository/org/ow2/asm/asm/9.6/asm-9.6.jar:/home/felipefr/.m2/repository/org/ow2/asm/asm-commons/9.6/asm-commons-9.6.jar:/home/felipefr/.m2/repository/org/ow2/asm/asm-tree/9.6/asm-tree-9.6.jar:/home/felipefr/.m2/repository/io/quarkus/quarkus-class-change-agent/3.9.5/quarkus-class-change-agent-3.9.5.jar:/home/felipefr/.m2/repository/io/quarkus/quarkus-devtools-utilities/3.9.5/quarkus-devtools-utilities-3.9.5.jar:/home/felipefr/.m2/repository/io/quarkus/quarkus-builder/3.9.5/quarkus-builder-3.9.5.jar:/home/felipefr/.m2/repository/org/graalvm/sdk/nativeimage/23.1.2/nativeimage-23.1.2.jar:/home/felipefr/.m2/repository/org/graalvm/sdk/word/23.1.2/word-23.1.2.jar:/home/felipefr/.m2/repository/org/junit/platform/junit-platform-launcher/1.10.2/junit-platform-launcher-1.10.2.jar:/home/felipefr/.m2/repository/io/quarkus/quarkus-bootstrap-maven-resolver/3.9.5/quarkus-bootstrap-maven-resolver-3.9.5.jar:/home/felipefr/.m2/repository/io/smallrye/beanbag/smallrye-beanbag-maven/1.4.1/smallrye-beanbag-maven-1.4.1.jar:/home/felipefr/.m2/repository/io/smallrye/beanbag/smallrye-beanbag-sisu/1.4.1/smallrye-beanbag-sisu-1.4.1.jar:/home/felipefr/.m2/repository/io/smallrye/beanbag/smallrye-beanbag/1.4.1/smallrye-beanbag-1.4.1.jar:/home/felipefr/.m2/repository/javax/inject/javax.inject/1/javax.inject-1.jar:/home/felipefr/.m2/repository/org/apache/maven/maven-artifact/3.9.6/maven-artifact-3.9.6.jar:/home/felipefr/.m2/repository/org/apache/maven/maven-builder-support/3.9.6/maven-builder-support-3.9.6.jar:/home/felipefr/.m2/repository/org/apache/maven/maven-model/3.9.6/maven-model-3.9.6.jar:/home/felipefr/.m2/repository/org/apache/maven/maven-model-builder/3.9.6/maven-model-builder-3.9.6.jar:/home/felipefr/.m2/repository/org/apache/maven/maven-repository-metadata/3.9.6/maven-repository-metadata-3.9.6.jar:/home/felipefr/.m2/repository/org/apache/maven/maven-settings/3.9.6/maven-settings-3.9.6.jar:/home/felipefr/.m2/repository/org/apache/maven/resolver/maven-resolver-api/1.9.18/maven-resolver-api-1.9.18.jar:/home/felipefr/.m2/repository/org/apache/maven/resolver/maven-resolver-impl/1.9.18/maven-resolver-impl-1.9.18.jar:/home/felipefr/.m2/repository/org/apache/maven/resolver/maven-resolver-named-locks/1.9.18/maven-resolver-named-locks-1.9.18.jar:/home/felipefr/.m2/repository/org/apache/maven/resolver/maven-resolver-spi/1.9.18/maven-resolver-spi-1.9.18.jar:/home/felipefr/.m2/repository/org/apache/maven/resolver/maven-resolver-util/1.9.18/maven-resolver-util-1.9.18.jar:/home/felipefr/.m2/repository/org/apache/maven/resolver/maven-resolver-transport-http/1.9.18/maven-resolver-transport-http-1.9.18.jar:/home/felipefr/.m2/repository/org/apache/maven/wagon/wagon-provider-api/3.5.3/wagon-provider-api-3.5.3.jar:/home/felipefr/.m2/repository/org/apache/maven/wagon/wagon-http-shared/3.5.3/wagon-http-shared-3.5.3.jar:/home/felipefr/.m2/repository/org/codehaus/plexus/plexus-interpolation/1.26/plexus-interpolation-1.26.jar:/home/felipefr/.m2/repository/org/codehaus/plexus/plexus-utils/3.5.1/plexus-utils-3.5.1.jar:/home/felipefr/.m2/repository/org/codehaus/plexus/plexus-xml/4.0.0/plexus-xml-4.0.0.jar:/home/felipefr/.m2/repository/org/apache/maven/maven-xml-impl/4.0.0-alpha-5/maven-xml-impl-4.0.0-alpha-5.jar:/home/felipefr/.m2/repository/org/apache/maven/maven-api-xml/4.0.0-alpha-5/maven-api-xml-4.0.0-alpha-5.jar:/home/felipefr/.m2/repository/org/apache/maven/maven-api-meta/4.0.0-alpha-5/maven-api-meta-4.0.0-alpha-5.jar:/home/felipefr/.m2/repository/org/codehaus/plexus/plexus-cipher/2.0/plexus-cipher-2.0.jar:/home/felipefr/.m2/repository/org/codehaus/plexus/plexus-sec-dispatcher/2.0/plexus-sec-dispatcher-2.0.jar:/home/felipefr/.m2/repository/org/apache/maven/maven-embedder/3.9.6/maven-embedder-3.9.6.jar:/home/felipefr/.m2/repository/org/apache/maven/maven-core/3.9.6/maven-core-3.9.6.jar:/home/felipefr/.m2/repository/org/codehaus/plexus/plexus-component-annotations/2.1.0/plexus-component-annotations-2.1.0.jar:/home/felipefr/.m2/repository/org/apache/maven/maven-plugin-api/3.9.6/maven-plugin-api-3.9.6.jar:/home/felipefr/.m2/repository/org/apache/maven/shared/maven-shared-utils/3.3.4/maven-shared-utils-3.3.4.jar:/home/felipefr/.m2/repository/com/google/inject/guice/5.1.0/guice-5.1.0.jar:/home/felipefr/.m2/repository/aopalliance/aopalliance/1.0/aopalliance-1.0.jar:/home/felipefr/.m2/repository/com/google/guava/guava/33.0.0-jre/guava-33.0.0-jre.jar:/home/felipefr/.m2/repository/com/google/guava/failureaccess/1.0.1/failureaccess-1.0.1.jar:/home/felipefr/.m2/repository/javax/annotation/javax.annotation-api/1.3.2/javax.annotation-api-1.3.2.jar:/home/felipefr/.m2/repository/org/codehaus/plexus/plexus-classworlds/2.6.0/plexus-classworlds-2.6.0.jar:/home/felipefr/.m2/repository/commons-cli/commons-cli/1.5.0/commons-cli-1.5.0.jar:/home/felipefr/.m2/repository/org/eclipse/sisu/org.eclipse.sisu.plexus/0.9.0.M2/org.eclipse.sisu.plexus-0.9.0.M2.jar:/home/felipefr/.m2/repository/org/apache/maven/maven-settings-builder/3.9.6/maven-settings-builder-3.9.6.jar:/home/felipefr/.m2/repository/org/apache/maven/maven-resolver-provider/3.9.6/maven-resolver-provider-3.9.6.jar:/home/felipefr/.m2/repository/org/apache/maven/resolver/maven-resolver-connector-basic/1.9.18/maven-resolver-connector-basic-1.9.18.jar:/home/felipefr/.m2/repository/org/apache/maven/resolver/maven-resolver-transport-wagon/1.9.18/maven-resolver-transport-wagon-1.9.18.jar:/home/felipefr/.m2/repository/org/apache/maven/wagon/wagon-http/3.5.3/wagon-http-3.5.3.jar:/home/felipefr/.m2/repository/org/apache/maven/wagon/wagon-file/3.5.3/wagon-file-3.5.3.jar:/home/felipefr/.m2/repository/io/quarkus/quarkus-bootstrap-gradle-resolver/3.9.5/quarkus-bootstrap-gradle-resolver-3.9.5.jar:/home/felipefr/.m2/repository/io/smallrye/jandex/3.1.6/jandex-3.1.6.jar:/home/felipefr/.m2/repository/commons-io/commons-io/2.15.1/commons-io-2.15.1.jar:/home/felipefr/.m2/repository/org/jboss/logging/commons-logging-jboss-logging/1.0.0.Final/commons-logging-jboss-logging-1.0.0.Final.jar:/home/felipefr/.m2/repository/io/quarkus/quarkus-junit5-properties/3.9.5/quarkus-junit5-properties-3.9.5.jar:/home/felipefr/.m2/repository/org/junit/jupiter/junit-jupiter/5.10.2/junit-jupiter-5.10.2.jar:/home/felipefr/.m2/repository/org/junit/jupiter/junit-jupiter-api/5.10.2/junit-jupiter-api-5.10.2.jar:/home/felipefr/.m2/repository/org/opentest4j/opentest4j/1.3.0/opentest4j-1.3.0.jar:/home/felipefr/.m2/repository/org/junit/platform/junit-platform-commons/1.10.2/junit-platform-commons-1.10.2.jar:/home/felipefr/.m2/repository/org/apiguardian/apiguardian-api/1.1.2/apiguardian-api-1.1.2.jar:/home/felipefr/.m2/repository/org/junit/jupiter/junit-jupiter-params/5.10.2/junit-jupiter-params-5.10.2.jar:/home/felipefr/.m2/repository/org/junit/jupiter/junit-jupiter-engine/5.10.2/junit-jupiter-engine-5.10.2.jar:/home/felipefr/.m2/repository/org/junit/platform/junit-platform-engine/1.10.2/junit-platform-engine-1.10.2.jar:/home/felipefr/.m2/repository/com/thoughtworks/xstream/xstream/1.4.20/xstream-1.4.20.jar:/home/felipefr/.m2/repository/io/github/x-stream/mxparser/1.2.2/mxparser-1.2.2.jar:/home/felipefr/.m2/repository/xmlpull/xmlpull/1.1.3.1/xmlpull-1.1.3.1.jar:/home/felipefr/.m2/repository/io/rest-assured/rest-assured/5.4.0/rest-assured-5.4.0.jar:/home/felipefr/.m2/repository/org/apache/groovy/groovy/4.0.16/groovy-4.0.16.jar:/home/felipefr/.m2/repository/org/apache/groovy/groovy-xml/4.0.16/groovy-xml-4.0.16.jar:/home/felipefr/.m2/repository/org/apache/httpcomponents/httpclient/4.5.14/httpclient-4.5.14.jar:/home/felipefr/.m2/repository/org/apache/httpcomponents/httpcore/4.4.16/httpcore-4.4.16.jar:/home/felipefr/.m2/repository/commons-codec/commons-codec/1.16.1/commons-codec-1.16.1.jar:/home/felipefr/.m2/repository/org/apache/httpcomponents/httpmime/4.5.14/httpmime-4.5.14.jar:/home/felipefr/.m2/repository/org/hamcrest/hamcrest/2.2/hamcrest-2.2.jar:/home/felipefr/.m2/repository/org/ccil/cowan/tagsoup/tagsoup/1.2.1/tagsoup-1.2.1.jar:/home/felipefr/.m2/repository/io/rest-assured/json-path/5.4.0/json-path-5.4.0.jar:/home/felipefr/.m2/repository/org/apache/groovy/groovy-json/4.0.16/groovy-json-4.0.16.jar:/home/felipefr/.m2/repository/io/rest-assured/rest-assured-common/5.4.0/rest-assured-common-5.4.0.jar:/home/felipefr/.m2/repository/io/rest-assured/xml-path/5.4.0/xml-path-5.4.0.jar:/home/felipefr/.m2/repository/org/apache/commons/commons-lang3/3.14.0/commons-lang3-3.14.0.jar:"/>
    <property name="sun.cpu.endian" value="little"/>
    <property name="user.home" value="/home/felipefr"/>
    <property name="user.language" value="pt"/>
    <property name="jboss.log-version" value="false"/>
    <property name="java.specification.vendor" value="Oracle Corporation"/>
    <property name="io.netty.allocator.maxOrder" value="3"/>
    <property name="java.version.date" value="2024-01-16"/>
    <property name="java.home" value="/usr/lib/jvm/java-21-openjdk-amd64"/>
    <property name="file.separator" value="/"/>
    <property name="basedir" value="/home/felipefr/Langs/Java/quarkus/quarkus-learning/quarkus-sec"/>
    <property name="java.vm.compressedOopsMode" value="Zero based"/>
    <property name="line.separator" value="&#10;"/>
    <property name="java.vm.specification.vendor" value="Oracle Corporation"/>
    <property name="java.specification.name" value="Java Platform API Specification"/>
    <property name="surefire.real.class.path" value="/home/felipefr/Langs/Java/quarkus/quarkus-learning/quarkus-sec/target/surefire/surefirebooter-20240430135005057_3.jar"/>
    <property name="sun.management.compiler" value="HotSpot 64-Bit Tiered Compilers"/>
    <property name="java.runtime.version" value="21.0.2+13-Ubuntu-122.04.1"/>
    <property name="user.name" value="felipefr"/>
    <property name="stdout.encoding" value="UTF-8"/>
    <property name="dev.resteasy.exception.mapper" value="false"/>
    <property name="path.separator" value=":"/>
    <property name="os.version" value="5.15.0-105-generic"/>
    <property name="java.runtime.name" value="OpenJDK Runtime Environment"/>
    <property name="file.encoding" value="UTF-8"/>
    <property name="java.vm.name" value="OpenJDK 64-Bit Server VM"/>
    <property name="localRepository" value="/home/felipefr/.m2/repository"/>
    <property name="java.vendor.url.bug" value="Unknown"/>
    <property name="java.io.tmpdir" value="/tmp"/>
    <property name="quarkus.log.file.path" value="target/quarkus.log"/>
    <property name="java.version" value="21.0.2"/>
    <property name="java.util.concurrent.ForkJoinPool.common.threadFactory" value="io.quarkus.bootstrap.forkjoin.QuarkusForkJoinWorkerThreadFactory"/>
    <property name="user.dir" value="/home/felipefr/Langs/Java/quarkus/quarkus-learning/quarkus-sec"/>
    <property name="os.arch" value="amd64"/>
    <property name="java.vm.specification.name" value="Java Virtual Machine Specification"/>
    <property name="vertx.disableDnsResolver" value="true"/>
    <property name="native.encoding" value="UTF-8"/>
    <property name="java.util.logging.manager" value="org.jboss.logmanager.LogManager"/>
    <property name="java.library.path" value="/usr/java/packages/lib:/usr/lib/x86_64-linux-gnu/jni:/lib/x86_64-linux-gnu:/usr/lib/x86_64-linux-gnu:/usr/lib/jni:/lib:/usr/lib"/>
    <property name="java.vm.info" value="mixed mode, sharing"/>
    <property name="stderr.encoding" value="UTF-8"/>
    <property name="java.vendor" value="Private Build"/>
    <property name="vertx.disableTCCL" value="true"/>
    <property name="java.vm.version" value="21.0.2+13-Ubuntu-122.04.1"/>
    <property name="sun.io.unicode.encoding" value="UnicodeLittle"/>
    <property name="io.netty.machineId" value="8e:09:55:ae:3d:53:5a:9b"/>
    <property name="java.class.version" value="65.0"/>
  </properties>
  <testcase name="testHelloEndpoint" classname="org.acme.GreetingResourceTest" time="0.011">
    <error message="java.lang.RuntimeException: Failed to start quarkus" type="java.lang.RuntimeException"><![CDATA[java.lang.RuntimeException: java.lang.RuntimeException: Failed to start quarkus
	at io.quarkus.test.junit.QuarkusTestExtension.throwBootFailureException(QuarkusTestExtension.java:643)
	at io.quarkus.test.junit.QuarkusTestExtension.interceptTestClassConstructor(QuarkusTestExtension.java:727)
	at java.base/java.util.Optional.orElseGet(Optional.java:364)
	at java.base/java.util.ArrayList.forEach(ArrayList.java:1596)
	at java.base/java.util.ArrayList.forEach(ArrayList.java:1596)
Caused by: java.lang.RuntimeException: Failed to start quarkus
	at io.quarkus.runner.ApplicationImpl.doStart(Unknown Source)
	at io.quarkus.runtime.Application.start(Application.java:101)
	at java.base/java.lang.reflect.Method.invoke(Method.java:580)
	at io.quarkus.runner.bootstrap.StartupActionImpl.run(StartupActionImpl.java:285)
	at io.quarkus.test.junit.QuarkusTestExtension.doJavaStart(QuarkusTestExtension.java:252)
	at io.quarkus.test.junit.QuarkusTestExtension.ensureStarted(QuarkusTestExtension.java:610)
	at io.quarkus.test.junit.QuarkusTestExtension.beforeAll(QuarkusTestExtension.java:660)
	... 1 more
Caused by: jakarta.persistence.PersistenceException: [PersistenceUnit: <default>] Unable to build Hibernate SessionFactory
	at io.quarkus.hibernate.orm.runtime.boot.FastBootEntityManagerFactoryBuilder.persistenceException(FastBootEntityManagerFactoryBuilder.java:129)
	at io.quarkus.hibernate.orm.runtime.boot.FastBootEntityManagerFactoryBuilder.build(FastBootEntityManagerFactoryBuilder.java:89)
	at io.quarkus.hibernate.orm.runtime.FastBootHibernatePersistenceProvider.createEntityManagerFactory(FastBootHibernatePersistenceProvider.java:72)
	at jakarta.persistence.Persistence.createEntityManagerFactory(Persistence.java:80)
	at jakarta.persistence.Persistence.createEntityManagerFactory(Persistence.java:55)
	at io.quarkus.hibernate.orm.runtime.JPAConfig$LazyPersistenceUnit.get(JPAConfig.java:154)
	at io.quarkus.hibernate.orm.runtime.JPAConfig$1.run(JPAConfig.java:61)
	at java.base/java.lang.Thread.run(Thread.java:1583)
Caused by: org.hibernate.exception.JDBCConnectionException: Unable to open JDBC Connection for DDL execution [Connection to localhost:5432 refused. Check that the hostname and port are correct and that the postmaster is accepting TCP/IP connections.] [n/a]
	at org.hibernate.exception.internal.SQLStateConversionDelegate.convert(SQLStateConversionDelegate.java:100)
	at org.hibernate.exception.internal.StandardSQLExceptionConverter.convert(StandardSQLExceptionConverter.java:58)
	at org.hibernate.engine.jdbc.spi.SqlExceptionHelper.convert(SqlExceptionHelper.java:108)
	at org.hibernate.engine.jdbc.spi.SqlExceptionHelper.convert(SqlExceptionHelper.java:94)
	at org.hibernate.resource.transaction.backend.jta.internal.DdlTransactionIsolatorJtaImpl.getIsolatedConnection(DdlTransactionIsolatorJtaImpl.java:77)
	at org.hibernate.tool.schema.internal.exec.GenerationTargetToDatabase.getIsolatedConnection(GenerationTargetToDatabase.java:60)
	at org.hibernate.tool.schema.internal.exec.GenerationTargetToDatabase.jdbcStatement(GenerationTargetToDatabase.java:112)
	at org.hibernate.tool.schema.internal.exec.GenerationTargetToDatabase.accept(GenerationTargetToDatabase.java:79)
	at org.hibernate.tool.schema.internal.Helper.applySqlString(Helper.java:233)
	at org.hibernate.tool.schema.internal.Helper.applySqlStrings(Helper.java:217)
	at org.hibernate.tool.schema.internal.SchemaDropperImpl.dropTables(SchemaDropperImpl.java:377)
	at org.hibernate.tool.schema.internal.SchemaDropperImpl.dropConstraintsTablesSequences(SchemaDropperImpl.java:253)
	at org.hibernate.tool.schema.internal.SchemaDropperImpl.dropFromMetadata(SchemaDropperImpl.java:215)
	at org.hibernate.tool.schema.internal.SchemaDropperImpl.performDrop(SchemaDropperImpl.java:185)
	at org.hibernate.tool.schema.internal.SchemaDropperImpl.doDrop(SchemaDropperImpl.java:155)
	at org.hibernate.tool.schema.internal.SchemaDropperImpl.doDrop(SchemaDropperImpl.java:115)
	at org.hibernate.tool.schema.spi.SchemaManagementToolCoordinator.performDatabaseAction(SchemaManagementToolCoordinator.java:244)
	at org.hibernate.tool.schema.spi.SchemaManagementToolCoordinator.lambda$process$5(SchemaManagementToolCoordinator.java:145)
	at java.base/java.util.HashMap.forEach(HashMap.java:1429)
	at org.hibernate.tool.schema.spi.SchemaManagementToolCoordinator.process(SchemaManagementToolCoordinator.java:142)
	at io.quarkus.hibernate.orm.runtime.observers.SessionFactoryObserverForSchemaExport.sessionFactoryCreated(SessionFactoryObserverForSchemaExport.java:21)
	at org.hibernate.internal.SessionFactoryObserverChain.sessionFactoryCreated(SessionFactoryObserverChain.java:35)
	at org.hibernate.internal.SessionFactoryImpl.<init>(SessionFactoryImpl.java:315)
	at io.quarkus.hibernate.orm.runtime.boot.FastBootEntityManagerFactoryBuilder.build(FastBootEntityManagerFactoryBuilder.java:87)
	... 6 more
Caused by: org.postgresql.util.PSQLException: Connection to localhost:5432 refused. Check that the hostname and port are correct and that the postmaster is accepting TCP/IP connections.
	at org.postgresql.core.v3.ConnectionFactoryImpl.openConnectionImpl(ConnectionFactoryImpl.java:346)
	at org.postgresql.core.ConnectionFactory.openConnection(ConnectionFactory.java:54)
	at org.postgresql.jdbc.PgConnection.<init>(PgConnection.java:273)
	at org.postgresql.Driver.makeConnection(Driver.java:446)
	at org.postgresql.Driver.connect(Driver.java:298)
	at io.agroal.pool.ConnectionFactory.createConnection(ConnectionFactory.java:225)
	at io.agroal.pool.ConnectionPool$CreateConnectionTask.call(ConnectionPool.java:545)
	at io.agroal.pool.ConnectionPool$CreateConnectionTask.call(ConnectionPool.java:526)
	at java.base/java.util.concurrent.FutureTask.run(FutureTask.java:317)
	at io.agroal.pool.util.PriorityScheduledExecutor.beforeExecute(PriorityScheduledExecutor.java:75)
	at java.base/java.util.concurrent.ThreadPoolExecutor.runWorker(ThreadPoolExecutor.java:1142)
	at java.base/java.util.concurrent.ThreadPoolExecutor$Worker.run(ThreadPoolExecutor.java:642)
	... 1 more
Caused by: java.net.ConnectException: Connection refused
	at java.base/sun.nio.ch.Net.pollConnect(Native Method)
	at java.base/sun.nio.ch.Net.pollConnectNow(Net.java:682)
	at java.base/sun.nio.ch.NioSocketImpl.timedFinishConnect(NioSocketImpl.java:542)
	at java.base/sun.nio.ch.NioSocketImpl.connect(NioSocketImpl.java:592)
	at java.base/java.net.SocksSocketImpl.connect(SocksSocketImpl.java:327)
	at java.base/java.net.Socket.connect(Socket.java:751)
	at org.postgresql.core.PGStream.createSocket(PGStream.java:243)
	at org.postgresql.core.PGStream.<init>(PGStream.java:98)
	at org.postgresql.core.v3.ConnectionFactoryImpl.tryConnect(ConnectionFactoryImpl.java:136)
	at org.postgresql.core.v3.ConnectionFactoryImpl.openConnectionImpl(ConnectionFactoryImpl.java:262)
	... 12 more
]]></error>
    <system-out><![CDATA[2024-04-30 13:50:18,521 WARN  [io.agr.pool] (agroal-11) Datasource '<default>': Connection to localhost:5432 refused. Check that the hostname and port are correct and that the postmaster is accepting TCP/IP connections.
2024-04-30 13:50:18,525 WARN  [org.hib.eng.jdb.env.int.JdbcEnvironmentInitiator] (JPA Startup Thread) HHH000342: Could not obtain connection to query metadata: java.lang.NullPointerException: Cannot invoke "org.hibernate.engine.jdbc.spi.SqlExceptionHelper.convert(java.sql.SQLException, String)" because the return value of "org.hibernate.resource.transaction.backend.jta.internal.JtaIsolationDelegate.sqlExceptionHelper()" is null
	at org.hibernate.resource.transaction.backend.jta.internal.JtaIsolationDelegate.doTheWork(JtaIsolationDelegate.java:186)
	at org.hibernate.resource.transaction.backend.jta.internal.JtaIsolationDelegate.lambda$delegateWork$1(JtaIsolationDelegate.java:75)
	at org.hibernate.resource.transaction.backend.jta.internal.JtaIsolationDelegate.doInSuspendedTransaction(JtaIsolationDelegate.java:107)
	at org.hibernate.resource.transaction.backend.jta.internal.JtaIsolationDelegate.delegateWork(JtaIsolationDelegate.java:72)
	at org.hibernate.engine.jdbc.env.internal.JdbcEnvironmentInitiator.getJdbcEnvironmentUsingJdbcMetadata(JdbcEnvironmentInitiator.java:276)
	at org.hibernate.engine.jdbc.env.internal.JdbcEnvironmentInitiator.initiateService(JdbcEnvironmentInitiator.java:107)
	at org.hibernate.engine.jdbc.env.internal.JdbcEnvironmentInitiator.initiateService(JdbcEnvironmentInitiator.java:68)
	at org.hibernate.boot.registry.internal.StandardServiceRegistryImpl.initiateService(StandardServiceRegistryImpl.java:130)
	at org.hibernate.service.internal.AbstractServiceRegistryImpl.createService(AbstractServiceRegistryImpl.java:263)
	at org.hibernate.service.internal.AbstractServiceRegistryImpl.initializeService(AbstractServiceRegistryImpl.java:238)
	at org.hibernate.service.internal.AbstractServiceRegistryImpl.getService(AbstractServiceRegistryImpl.java:215)
	at org.hibernate.engine.jdbc.internal.JdbcServicesImpl.configure(JdbcServicesImpl.java:52)
	at org.hibernate.boot.registry.internal.StandardServiceRegistryImpl.configureService(StandardServiceRegistryImpl.java:136)
	at org.hibernate.service.internal.AbstractServiceRegistryImpl.initializeService(AbstractServiceRegistryImpl.java:247)
	at org.hibernate.service.internal.AbstractServiceRegistryImpl.getService(AbstractServiceRegistryImpl.java:215)
	at org.hibernate.boot.internal.SessionFactoryOptionsBuilder.<init>(SessionFactoryOptionsBuilder.java:276)
	at io.quarkus.hibernate.orm.runtime.recording.PrevalidatedQuarkusMetadata.buildSessionFactoryOptionsBuilder(PrevalidatedQuarkusMetadata.java:70)
	at io.quarkus.hibernate.orm.runtime.boot.FastBootEntityManagerFactoryBuilder.build(FastBootEntityManagerFactoryBuilder.java:84)
	at io.quarkus.hibernate.orm.runtime.FastBootHibernatePersistenceProvider.createEntityManagerFactory(FastBootHibernatePersistenceProvider.java:72)
	at jakarta.persistence.Persistence.createEntityManagerFactory(Persistence.java:80)
	at jakarta.persistence.Persistence.createEntityManagerFactory(Persistence.java:55)
	at io.quarkus.hibernate.orm.runtime.JPAConfig$LazyPersistenceUnit.get(JPAConfig.java:154)
	at io.quarkus.hibernate.orm.runtime.JPAConfig$1.run(JPAConfig.java:61)
	at java.base/java.lang.Thread.run(Thread.java:1583)

2024-04-30 13:50:19,372 WARN  [io.agr.pool] (agroal-11) Datasource '<default>': Connection to localhost:5432 refused. Check that the hostname and port are correct and that the postmaster is accepting TCP/IP connections.
2024-04-30 13:50:19,373 WARN  [org.hib.eng.jdb.spi.SqlExceptionHelper] (JPA Startup Thread) SQL Error: 0, SQLState: 08001
2024-04-30 13:50:19,373 ERROR [org.hib.eng.jdb.spi.SqlExceptionHelper] (JPA Startup Thread) Connection to localhost:5432 refused. Check that the hostname and port are correct and that the postmaster is accepting TCP/IP connections.
]]></system-out>
  </testcase>
</testsuite>